<?xml version="1.0" encoding="UTF-8"?>
<!-- Generated by org.testng.reporters.JUnitReportReporter -->
<testsuite skipped="0" hostname="RAGHAVENDRA" name="test.frist.HAs2" tests="1" failures="0" timestamp="24 Jul 2019 12:02:08 GMT" time="12.563" errors="0">
  <testcase name="verifyUNField" time="12.563" classname="test.frist.HAs2"/>
</testsuite> <!-- test.frist.HAs2 -->
