<?xml version="1.0" encoding="UTF-8"?>
<!-- Generated by org.testng.reporters.JUnitReportReporter -->
<testsuite skipped="0" hostname="RAGHAVENDRA" name="test.frist.Group" tests="3" failures="0" timestamp="03 Mar 2020 13:36:27 GMT" time="0.010" errors="0">
  <testcase name="CreateUser" time="0.007" classname="test.frist.Group"/>
  <testcase name="editUser" time="0.002" classname="test.frist.Group"/>
  <testcase name="deleteUser" time="0.001" classname="test.frist.Group"/>
</testsuite> <!-- test.frist.Group -->
