<?xml version="1.0" encoding="UTF-8"?>
<!-- Generated by org.testng.reporters.JUnitReportReporter -->
<testsuite skipped="0" hostname="RAGHAVENDRA" name="etng.Demo" tests="2" failures="0" timestamp="29 Aug 2019 12:24:07 GMT" time="0.007" errors="0">
  <testcase name="DemoC" time="0.000" classname="etng.Demo"/>
  <testcase name="DemoB" time="0.007" classname="etng.Demo"/>
</testsuite> <!-- etng.Demo -->
