<?xml version="1.0" encoding="UTF-8"?>
<!-- Generated by org.testng.reporters.JUnitReportReporter -->
<testsuite skipped="0" hostname="RAGHAVENDRA" name="test.frist.IT" tests="1" failures="0" timestamp="24 Jul 2019 12:02:08 GMT" time="0.002" errors="0">
  <testcase name="actions" time="0.002" classname="test.frist.IT"/>
</testsuite> <!-- test.frist.IT -->
