<?xml version="1.0" encoding="UTF-8"?>
<!-- Generated by org.testng.reporters.JUnitReportReporter -->
<testsuite hostname="RAGHAVENDRA" name="test.frist.Datap" tests="2" failures="0" timestamp="27 Aug 2019 07:55:49 GMT" time="0.007" errors="0">
  <testcase name="reciveData" time="0.006" classname="test.frist.Datap"/>
  <testcase name="reciveData" time="0.001" classname="test.frist.Datap"/>
</testsuite> <!-- test.frist.Datap -->
