<?xml version="1.0" encoding="UTF-8"?>
<!-- Generated by org.testng.reporters.JUnitReportReporter -->
<testsuite skipped="0" hostname="RAGHAVENDRA" name="test.frist.TestA" tests="1" failures="0" timestamp="08 Jul 2019 14:32:20 GMT" time="0.000" errors="0">
  <testcase name="testA" time="0.000" classname="test.frist.TestA"/>
</testsuite> <!-- test.frist.TestA -->
