<?xml version="1.0" encoding="UTF-8"?>
<!-- Generated by org.testng.reporters.JUnitReportReporter -->
<testsuite skipped="0" hostname="RAGHAVENDRA" name="test.frist.HAs3" tests="1" failures="0" timestamp="24 Jul 2019 12:02:08 GMT" time="13.592" errors="0">
  <testcase name="verifyCheckBoxIsSelected" time="13.592" classname="test.frist.HAs3"/>
</testsuite> <!-- test.frist.HAs3 -->
