<?xml version="1.0" encoding="UTF-8"?>
<!-- Generated by org.testng.reporters.JUnitReportReporter -->
<testsuite skipped="0" hostname="RAGHAVENDRA" name="para.demopara" tests="1" failures="0" timestamp="23 Aug 2019 12:42:06 GMT" time="0.007" errors="0">
  <testcase name="testpara" time="0.007" classname="para.demopara"/>
</testsuite> <!-- para.demopara -->
