<?xml version="1.0" encoding="UTF-8"?>
<!-- Generated by org.testng.reporters.JUnitReportReporter -->
<testsuite skipped="0" hostname="RAGHAVENDRA" name="test.frist.Multiple" tests="5" failures="0" timestamp="21 Aug 2019 07:31:27 GMT" time="0.011" errors="0">
  <testcase name="Try" time="0.001" classname="test.frist.Multiple"/>
  <testcase name="Try" time="0.001" classname="test.frist.Multiple"/>
  <testcase name="Try" time="0.001" classname="test.frist.Multiple"/>
  <testcase name="Try" time="0.007" classname="test.frist.Multiple"/>
  <testcase name="Try" time="0.001" classname="test.frist.Multiple"/>
</testsuite> <!-- test.frist.Multiple -->
