<?xml version="1.0" encoding="UTF-8"?>
<!-- Generated by org.testng.reporters.JUnitReportReporter -->
<testsuite skipped="0" hostname="RAGHAVENDRA" name="test.frist.DemoA" tests="1" failures="0" timestamp="21 Aug 2019 07:32:31 GMT" time="0.004" errors="0">
  <testcase name="createUser" time="0.004" classname="test.frist.DemoA"/>
</testsuite> <!-- test.frist.DemoA -->
