<?xml version="1.0" encoding="UTF-8"?>
<!-- Generated by org.testng.reporters.JUnitReportReporter -->
<testsuite skipped="0" hostname="RAGHAVENDRA" name="test.second.DemoB" tests="2" failures="0" timestamp="09 Jul 2019 13:36:16 GMT" time="0.003" errors="0">
  <testcase name="editUser" time="0.002" classname="test.second.DemoB"/>
  <testcase name="deleteUser" time="0.001" classname="test.second.DemoB"/>
</testsuite> <!-- test.second.DemoB -->
