<?xml version="1.0" encoding="UTF-8"?>
<!-- Generated by org.testng.reporters.JUnitReportReporter -->
<testsuite skipped="0" hostname="RAGHAVENDRA" name="test.frist.DemoB" tests="2" failures="0" timestamp="26 Aug 2019 09:32:24 GMT" time="0.006" errors="0">
  <testcase name="editUser" time="0.004" classname="test.frist.DemoB"/>
  <testcase name="deleteUser" time="0.002" classname="test.frist.DemoB"/>
</testsuite> <!-- test.frist.DemoB -->
