<?xml version="1.0" encoding="UTF-8"?>
<!-- Generated by org.testng.reporters.JUnitReportReporter -->
<testsuite skipped="0" hostname="RAGHAVENDRA" name="test.frist.TestC" tests="3" failures="0" timestamp="08 Jul 2019 11:36:03 GMT" time="0.009" errors="0">
  <testcase name="testA" time="0.007" classname="test.frist.TestC"/>
  <testcase name="testB" time="0.001" classname="test.frist.TestC"/>
  <testcase name="testC" time="0.001" classname="test.frist.TestC"/>
</testsuite> <!-- test.frist.TestC -->
