<?xml version="1.0" encoding="UTF-8"?>
<!-- Generated by org.testng.reporters.JUnitReportReporter -->
<testsuite skipped="0" hostname="RAGHAVENDRA" name="test.second.DataP" tests="2" failures="0" timestamp="24 Jul 2019 12:02:08 GMT" time="0.004" errors="0">
  <testcase name="printData" time="0.000" classname="test.second.DataP"/>
  <testcase name="printData" time="0.004" classname="test.second.DataP"/>
</testsuite> <!-- test.second.DataP -->
