<?xml version="1.0" encoding="UTF-8"?>
<!-- Generated by org.testng.reporters.JUnitReportReporter -->
<testsuite skipped="0" hostname="RAGHAVENDRA" name="test.second.TestA" tests="1" failures="0" timestamp="24 Jul 2019 12:02:08 GMT" time="0.001" errors="0">
  <testcase name="TestA" time="0.001" classname="test.second.TestA"/>
</testsuite> <!-- test.second.TestA -->
